<?xml version="1.0" encoding="UTF-8"?>
<!-- Generated by org.testng.reporters.JUnitXMLReporter -->
<testsuite hostname="Yis-MacBook-Pro.local" name="validLoginTest" tests="1" failures="1" timestamp="5 Aug 2018 01:21:44 GMT" time="10.242" errors="0">
  <testcase name="validLogin" time="10.111" classname="com.spotify.ValidLoginTest">
    <failure type="org.sikuli.script.FindFailed" message="/Users/yidong/Dropbox/iHeartMedia/Selenium/maven-spotify/src/test/java/assets_spotify.sikuli/password_field.png: (332x27) seen at (500, 328) with 1.00 in S(0)[0,0 1280x800] E:Y, T:3.0">
      <![CDATA[FindFailed: /Users/yidong/Dropbox/iHeartMedia/Selenium/maven-spotify/src/test/java/assets_spotify.sikuli/password_field.png: (332x27) seen at (500, 328) with 1.00 in S(0)[0,0 1280x800] E:Y, T:3.0
  Line 2759, in file Region.java

	at org.sikuli.script.Region.wait(Region.java:2759)
	at com.spotify.ValidLoginTest.validLogin(ValidLoginTest.java:49)
	at org.apache.maven.surefire.testng.TestNGExecutor.run(TestNGExecutor.java:283)
	at org.apache.maven.surefire.testng.TestNGXmlTestSuite.execute(TestNGXmlTestSuite.java:75)
	at org.apache.maven.surefire.testng.TestNGProvider.invoke(TestNGProvider.java:120)
	at org.apache.maven.surefire.booter.ForkedBooter.invokeProviderInSameClassLoader(ForkedBooter.java:383)
	at org.apache.maven.surefire.booter.ForkedBooter.runSuitesInProcess(ForkedBooter.java:344)
	at org.apache.maven.surefire.booter.ForkedBooter.execute(ForkedBooter.java:125)
	at org.apache.maven.surefire.booter.ForkedBooter.main(ForkedBooter.java:417)
... Removed 21 stack frames]]>
    </failure>
  </testcase> <!-- validLogin -->
</testsuite> <!-- validLoginTest -->
