<?xml version="1.0" encoding="UTF-8"?>
<!-- Generated by org.testng.reporters.JUnitXMLReporter -->
<testsuite hostname="Yis-MacBook-Pro.local" name="InvalidLoginTest" tests="1" failures="1" timestamp="5 Aug 2018 00:44:36 GMT" time="11.079" errors="0">
  <testcase name="invalidLogin" time="11.015" classname="com.spotify.InvalidLoginTest">
    <failure type="org.sikuli.script.FindFailed" message="/Users/yidong/Dropbox/iHeartMedia/Selenium/maven-spotify/src/test/java/assets_spotify.sikuli/password_field.png: (332x27) seen at (500, 328) with 1.00 in S(0)[0,0 1280x800] E:Y, T:3.0">
      <![CDATA[FindFailed: /Users/yidong/Dropbox/iHeartMedia/Selenium/maven-spotify/src/test/java/assets_spotify.sikuli/password_field.png: (332x27) seen at (500, 328) with 1.00 in S(0)[0,0 1280x800] E:Y, T:3.0
  Line 2782, in file Region.java

	at org.sikuli.script.Region.wait(Region.java:2782)
	at com.spotify.InvalidLoginTest.invalidLogin(InvalidLoginTest.java:48)
... Removed 24 stack frames]]>
    </failure>
  </testcase> <!-- invalidLogin -->
</testsuite> <!-- InvalidLoginTest -->
