<?xml version="1.0" encoding="UTF-8"?>
<!-- Generated by org.testng.reporters.JUnitXMLReporter -->
<testsuite hostname="Yis-MacBook-Pro.local" name="validLoginTest" tests="1" failures="1" timestamp="5 Aug 2018 00:45:22 GMT" time="10.438" errors="0">
  <testcase name="validLogin" time="10.402" classname="com.spotify.ValidLoginTest">
    <failure type="org.sikuli.script.FindFailed" message="/Users/yidong/Dropbox/iHeartMedia/Selenium/maven-spotify/src/test/java/assets_spotify.sikuli/password_field.png: (332x27) seen at (500, 328) with 1.00 in S(0)[0,0 1280x800] E:Y, T:3.0">
      <![CDATA[FindFailed: /Users/yidong/Dropbox/iHeartMedia/Selenium/maven-spotify/src/test/java/assets_spotify.sikuli/password_field.png: (332x27) seen at (500, 328) with 1.00 in S(0)[0,0 1280x800] E:Y, T:3.0
  Line 2782, in file Region.java

	at org.sikuli.script.Region.wait(Region.java:2782)
	at com.spotify.ValidLoginTest.validLogin(ValidLoginTest.java:49)
... Removed 24 stack frames]]>
    </failure>
  </testcase> <!-- validLogin -->
</testsuite> <!-- validLoginTest -->
