<?xml version="1.0" encoding="UTF-8"?>
<testng-results skipped="0" failed="3" total="5" passed="2">
  <reporter-output>
  </reporter-output>
  <suite name="com.spotify" duration-ms="59761" started-at="2018-08-05T01:20:44Z" finished-at="2018-08-05T01:21:44Z">
    <groups>
    </groups>
    <test name="CreateNewPlaylistTest" duration-ms="10483" started-at="2018-08-05T01:20:44Z" finished-at="2018-08-05T01:20:55Z">
      <class name="com.spotify.CreateNewPlaylistTest">
        <test-method status="PASS" signature="setup()[pri:0, instance:com.spotify.CreateNewPlaylistTest@7c30a502]" name="setup" is-config="true" duration-ms="41" started-at="2018-08-04T21:20:44Z" finished-at="2018-08-04T21:20:44Z">
          <reporter-output>
          </reporter-output>
        </test-method> <!-- setup -->
        <test-method status="FAIL" signature="CreateNewPlaylist()[pri:0, instance:com.spotify.CreateNewPlaylistTest@7c30a502]" name="CreateNewPlaylist" duration-ms="10351" started-at="2018-08-04T21:20:45Z" finished-at="2018-08-04T21:20:55Z">
          <exception class="org.sikuli.script.FindFailed">
            <message>
              <![CDATA[/Users/yidong/Dropbox/iHeartMedia/Selenium/maven-spotify/src/test/java/assets_spotify.sikuli/password_field.png: (332x27) in S(0)[0,0 1280x800] E:Y, T:3.0]]>
            </message>
            <full-stacktrace>
              <![CDATA[FindFailed: /Users/yidong/Dropbox/iHeartMedia/Selenium/maven-spotify/src/test/java/assets_spotify.sikuli/password_field.png: (332x27) in S(0)[0,0 1280x800] E:Y, T:3.0
  Line 2759, in file Region.java

	at org.sikuli.script.Region.wait(Region.java:2759)
	at com.spotify.CreateNewPlaylistTest.CreateNewPlaylist(CreateNewPlaylistTest.java:42)
	at sun.reflect.NativeMethodAccessorImpl.invoke0(Native Method)
	at sun.reflect.NativeMethodAccessorImpl.invoke(NativeMethodAccessorImpl.java:62)
	at sun.reflect.DelegatingMethodAccessorImpl.invoke(DelegatingMethodAccessorImpl.java:43)
	at java.lang.reflect.Method.invoke(Method.java:483)
	at org.testng.internal.MethodInvocationHelper.invokeMethod(MethodInvocationHelper.java:80)
	at org.testng.internal.Invoker.invokeMethod(Invoker.java:714)
	at org.testng.internal.Invoker.invokeTestMethod(Invoker.java:901)
	at org.testng.internal.Invoker.invokeTestMethods(Invoker.java:1231)
	at org.testng.internal.TestMethodWorker.invokeTestMethods(TestMethodWorker.java:127)
	at org.testng.internal.TestMethodWorker.run(TestMethodWorker.java:111)
	at org.testng.TestRunner.privateRun(TestRunner.java:767)
	at org.testng.TestRunner.run(TestRunner.java:617)
	at org.testng.SuiteRunner.runTest(SuiteRunner.java:334)
	at org.testng.SuiteRunner.runSequentially(SuiteRunner.java:329)
	at org.testng.SuiteRunner.privateRun(SuiteRunner.java:291)
	at org.testng.SuiteRunner.run(SuiteRunner.java:240)
	at org.testng.SuiteRunnerWorker.runSuite(SuiteRunnerWorker.java:52)
	at org.testng.SuiteRunnerWorker.run(SuiteRunnerWorker.java:86)
	at org.testng.TestNG.runSuitesSequentially(TestNG.java:1198)
	at org.testng.TestNG.runSuitesLocally(TestNG.java:1123)
	at org.testng.TestNG.run(TestNG.java:1031)
	at org.apache.maven.surefire.testng.TestNGExecutor.run(TestNGExecutor.java:283)
	at org.apache.maven.surefire.testng.TestNGXmlTestSuite.execute(TestNGXmlTestSuite.java:75)
	at org.apache.maven.surefire.testng.TestNGProvider.invoke(TestNGProvider.java:120)
	at org.apache.maven.surefire.booter.ForkedBooter.invokeProviderInSameClassLoader(ForkedBooter.java:383)
	at org.apache.maven.surefire.booter.ForkedBooter.runSuitesInProcess(ForkedBooter.java:344)
	at org.apache.maven.surefire.booter.ForkedBooter.execute(ForkedBooter.java:125)
	at org.apache.maven.surefire.booter.ForkedBooter.main(ForkedBooter.java:417)
]]>
            </full-stacktrace>
          </exception> <!-- org.sikuli.script.FindFailed -->
          <reporter-output>
          </reporter-output>
        </test-method> <!-- CreateNewPlaylist -->
        <test-method status="PASS" signature="tearDown()[pri:0, instance:com.spotify.CreateNewPlaylistTest@7c30a502]" name="tearDown" is-config="true" duration-ms="5" started-at="2018-08-04T21:20:55Z" finished-at="2018-08-04T21:20:55Z">
          <reporter-output>
          </reporter-output>
        </test-method> <!-- tearDown -->
      </class> <!-- com.spotify.CreateNewPlaylistTest -->
    </test> <!-- CreateNewPlaylistTest -->
    <test name="InvalidLoginTest" duration-ms="6254" started-at="2018-08-05T01:20:55Z" finished-at="2018-08-05T01:21:01Z">
      <class name="com.spotify.InvalidLoginTest">
        <test-method status="PASS" signature="setup()[pri:0, instance:com.spotify.InvalidLoginTest@7dc7cbad]" name="setup" is-config="true" duration-ms="14" started-at="2018-08-04T21:20:55Z" finished-at="2018-08-04T21:20:55Z">
          <reporter-output>
          </reporter-output>
        </test-method> <!-- setup -->
        <test-method status="PASS" signature="invalidLogin()[pri:0, instance:com.spotify.InvalidLoginTest@7dc7cbad]" name="invalidLogin" duration-ms="6221" started-at="2018-08-04T21:20:55Z" finished-at="2018-08-04T21:21:01Z">
          <reporter-output>
          </reporter-output>
        </test-method> <!-- invalidLogin -->
        <test-method status="PASS" signature="tearDown()[pri:0, instance:com.spotify.InvalidLoginTest@7dc7cbad]" name="tearDown" is-config="true" duration-ms="4" started-at="2018-08-04T21:21:01Z" finished-at="2018-08-04T21:21:01Z">
          <reporter-output>
          </reporter-output>
        </test-method> <!-- tearDown -->
      </class> <!-- com.spotify.InvalidLoginTest -->
    </test> <!-- InvalidLoginTest -->
    <test name="PlayTrackTest" duration-ms="21663" started-at="2018-08-05T01:21:01Z" finished-at="2018-08-05T01:21:23Z">
      <class name="com.spotify.PlayTrackTest">
        <test-method status="PASS" signature="setup()[pri:0, instance:com.spotify.PlayTrackTest@2a5ca609]" name="setup" is-config="true" duration-ms="18" started-at="2018-08-04T21:21:01Z" finished-at="2018-08-04T21:21:01Z">
          <reporter-output>
          </reporter-output>
        </test-method> <!-- setup -->
        <test-method status="PASS" signature="playTrackTest()[pri:0, instance:com.spotify.PlayTrackTest@2a5ca609]" name="playTrackTest" duration-ms="21639" started-at="2018-08-04T21:21:01Z" finished-at="2018-08-04T21:21:23Z">
          <reporter-output>
          </reporter-output>
        </test-method> <!-- playTrackTest -->
        <test-method status="PASS" signature="tearDown()[pri:0, instance:com.spotify.PlayTrackTest@2a5ca609]" name="tearDown" is-config="true" duration-ms="4" started-at="2018-08-04T21:21:23Z" finished-at="2018-08-04T21:21:23Z">
          <reporter-output>
          </reporter-output>
        </test-method> <!-- tearDown -->
      </class> <!-- com.spotify.PlayTrackTest -->
    </test> <!-- PlayTrackTest -->
    <test name="SearchTest" duration-ms="10888" started-at="2018-08-05T01:21:23Z" finished-at="2018-08-05T01:21:34Z">
      <class name="com.spotify.SearchTest">
        <test-method status="PASS" signature="setup()[pri:0, instance:com.spotify.SearchTest@1593948d]" name="setup" is-config="true" duration-ms="35" started-at="2018-08-04T21:21:23Z" finished-at="2018-08-04T21:21:23Z">
          <reporter-output>
          </reporter-output>
        </test-method> <!-- setup -->
        <test-method status="FAIL" signature="searchTest()[pri:0, instance:com.spotify.SearchTest@1593948d]" name="searchTest" duration-ms="10841" started-at="2018-08-04T21:21:23Z" finished-at="2018-08-04T21:21:34Z">
          <exception class="org.sikuli.script.FindFailed">
            <message>
              <![CDATA[/Users/yidong/Dropbox/iHeartMedia/Selenium/maven-spotify/src/test/java/assets_spotify.sikuli/password_field.png: (332x27) seen at (500, 328) with 1.00 in S(0)[0,0 1280x800] E:Y, T:3.0]]>
            </message>
            <full-stacktrace>
              <![CDATA[FindFailed: /Users/yidong/Dropbox/iHeartMedia/Selenium/maven-spotify/src/test/java/assets_spotify.sikuli/password_field.png: (332x27) seen at (500, 328) with 1.00 in S(0)[0,0 1280x800] E:Y, T:3.0
  Line 2759, in file Region.java

	at org.sikuli.script.Region.wait(Region.java:2759)
	at com.spotify.SearchTest.searchTest(SearchTest.java:50)
	at sun.reflect.NativeMethodAccessorImpl.invoke0(Native Method)
	at sun.reflect.NativeMethodAccessorImpl.invoke(NativeMethodAccessorImpl.java:62)
	at sun.reflect.DelegatingMethodAccessorImpl.invoke(DelegatingMethodAccessorImpl.java:43)
	at java.lang.reflect.Method.invoke(Method.java:483)
	at org.testng.internal.MethodInvocationHelper.invokeMethod(MethodInvocationHelper.java:80)
	at org.testng.internal.Invoker.invokeMethod(Invoker.java:714)
	at org.testng.internal.Invoker.invokeTestMethod(Invoker.java:901)
	at org.testng.internal.Invoker.invokeTestMethods(Invoker.java:1231)
	at org.testng.internal.TestMethodWorker.invokeTestMethods(TestMethodWorker.java:127)
	at org.testng.internal.TestMethodWorker.run(TestMethodWorker.java:111)
	at org.testng.TestRunner.privateRun(TestRunner.java:767)
	at org.testng.TestRunner.run(TestRunner.java:617)
	at org.testng.SuiteRunner.runTest(SuiteRunner.java:334)
	at org.testng.SuiteRunner.runSequentially(SuiteRunner.java:329)
	at org.testng.SuiteRunner.privateRun(SuiteRunner.java:291)
	at org.testng.SuiteRunner.run(SuiteRunner.java:240)
	at org.testng.SuiteRunnerWorker.runSuite(SuiteRunnerWorker.java:52)
	at org.testng.SuiteRunnerWorker.run(SuiteRunnerWorker.java:86)
	at org.testng.TestNG.runSuitesSequentially(TestNG.java:1198)
	at org.testng.TestNG.runSuitesLocally(TestNG.java:1123)
	at org.testng.TestNG.run(TestNG.java:1031)
	at org.apache.maven.surefire.testng.TestNGExecutor.run(TestNGExecutor.java:283)
	at org.apache.maven.surefire.testng.TestNGXmlTestSuite.execute(TestNGXmlTestSuite.java:75)
	at org.apache.maven.surefire.testng.TestNGProvider.invoke(TestNGProvider.java:120)
	at org.apache.maven.surefire.booter.ForkedBooter.invokeProviderInSameClassLoader(ForkedBooter.java:383)
	at org.apache.maven.surefire.booter.ForkedBooter.runSuitesInProcess(ForkedBooter.java:344)
	at org.apache.maven.surefire.booter.ForkedBooter.execute(ForkedBooter.java:125)
	at org.apache.maven.surefire.booter.ForkedBooter.main(ForkedBooter.java:417)
]]>
            </full-stacktrace>
          </exception> <!-- org.sikuli.script.FindFailed -->
          <reporter-output>
          </reporter-output>
        </test-method> <!-- searchTest -->
        <test-method status="PASS" signature="tearDown()[pri:0, instance:com.spotify.SearchTest@1593948d]" name="tearDown" is-config="true" duration-ms="10" started-at="2018-08-04T21:21:34Z" finished-at="2018-08-04T21:21:34Z">
          <reporter-output>
          </reporter-output>
        </test-method> <!-- tearDown -->
      </class> <!-- com.spotify.SearchTest -->
    </test> <!-- SearchTest -->
    <test name="validLoginTest" duration-ms="10242" started-at="2018-08-05T01:21:34Z" finished-at="2018-08-05T01:21:44Z">
      <class name="com.spotify.ValidLoginTest">
        <test-method status="PASS" signature="setup()[pri:0, instance:com.spotify.ValidLoginTest@724af044]" name="setup" is-config="true" duration-ms="104" started-at="2018-08-04T21:21:34Z" finished-at="2018-08-04T21:21:34Z">
          <reporter-output>
          </reporter-output>
        </test-method> <!-- setup -->
        <test-method status="FAIL" signature="validLogin()[pri:0, instance:com.spotify.ValidLoginTest@724af044]" name="validLogin" duration-ms="10111" started-at="2018-08-04T21:21:34Z" finished-at="2018-08-04T21:21:44Z">
          <exception class="org.sikuli.script.FindFailed">
            <message>
              <![CDATA[/Users/yidong/Dropbox/iHeartMedia/Selenium/maven-spotify/src/test/java/assets_spotify.sikuli/password_field.png: (332x27) seen at (500, 328) with 1.00 in S(0)[0,0 1280x800] E:Y, T:3.0]]>
            </message>
            <full-stacktrace>
              <![CDATA[FindFailed: /Users/yidong/Dropbox/iHeartMedia/Selenium/maven-spotify/src/test/java/assets_spotify.sikuli/password_field.png: (332x27) seen at (500, 328) with 1.00 in S(0)[0,0 1280x800] E:Y, T:3.0
  Line 2759, in file Region.java

	at org.sikuli.script.Region.wait(Region.java:2759)
	at com.spotify.ValidLoginTest.validLogin(ValidLoginTest.java:49)
	at sun.reflect.NativeMethodAccessorImpl.invoke0(Native Method)
	at sun.reflect.NativeMethodAccessorImpl.invoke(NativeMethodAccessorImpl.java:62)
	at sun.reflect.DelegatingMethodAccessorImpl.invoke(DelegatingMethodAccessorImpl.java:43)
	at java.lang.reflect.Method.invoke(Method.java:483)
	at org.testng.internal.MethodInvocationHelper.invokeMethod(MethodInvocationHelper.java:80)
	at org.testng.internal.Invoker.invokeMethod(Invoker.java:714)
	at org.testng.internal.Invoker.invokeTestMethod(Invoker.java:901)
	at org.testng.internal.Invoker.invokeTestMethods(Invoker.java:1231)
	at org.testng.internal.TestMethodWorker.invokeTestMethods(TestMethodWorker.java:127)
	at org.testng.internal.TestMethodWorker.run(TestMethodWorker.java:111)
	at org.testng.TestRunner.privateRun(TestRunner.java:767)
	at org.testng.TestRunner.run(TestRunner.java:617)
	at org.testng.SuiteRunner.runTest(SuiteRunner.java:334)
	at org.testng.SuiteRunner.runSequentially(SuiteRunner.java:329)
	at org.testng.SuiteRunner.privateRun(SuiteRunner.java:291)
	at org.testng.SuiteRunner.run(SuiteRunner.java:240)
	at org.testng.SuiteRunnerWorker.runSuite(SuiteRunnerWorker.java:52)
	at org.testng.SuiteRunnerWorker.run(SuiteRunnerWorker.java:86)
	at org.testng.TestNG.runSuitesSequentially(TestNG.java:1198)
	at org.testng.TestNG.runSuitesLocally(TestNG.java:1123)
	at org.testng.TestNG.run(TestNG.java:1031)
	at org.apache.maven.surefire.testng.TestNGExecutor.run(TestNGExecutor.java:283)
	at org.apache.maven.surefire.testng.TestNGXmlTestSuite.execute(TestNGXmlTestSuite.java:75)
	at org.apache.maven.surefire.testng.TestNGProvider.invoke(TestNGProvider.java:120)
	at org.apache.maven.surefire.booter.ForkedBooter.invokeProviderInSameClassLoader(ForkedBooter.java:383)
	at org.apache.maven.surefire.booter.ForkedBooter.runSuitesInProcess(ForkedBooter.java:344)
	at org.apache.maven.surefire.booter.ForkedBooter.execute(ForkedBooter.java:125)
	at org.apache.maven.surefire.booter.ForkedBooter.main(ForkedBooter.java:417)
]]>
            </full-stacktrace>
          </exception> <!-- org.sikuli.script.FindFailed -->
          <reporter-output>
          </reporter-output>
        </test-method> <!-- validLogin -->
        <test-method status="PASS" signature="tearDown()[pri:0, instance:com.spotify.ValidLoginTest@724af044]" name="tearDown" is-config="true" duration-ms="6" started-at="2018-08-04T21:21:44Z" finished-at="2018-08-04T21:21:44Z">
          <reporter-output>
          </reporter-output>
        </test-method> <!-- tearDown -->
      </class> <!-- com.spotify.ValidLoginTest -->
    </test> <!-- validLoginTest -->
  </suite> <!-- com.spotify -->
</testng-results>
