<?xml version="1.0" encoding="UTF-8"?>
<testsuite xmlns:xsi="http://www.w3.org/2001/XMLSchema-instance" xsi:noNamespaceSchemaLocation="https://maven.apache.org/surefire/maven-surefire-plugin/xsd/surefire-test-report.xsd" name="TestSuite" time="62.522" tests="5" errors="0" skipped="0" failures="3">
  <properties>
[...]
</properties>
  <testcase name="CreateNewPlaylist" classname="com.spotify.CreateNewPlaylistTest" time="10.361">
    <failure message="/Users/yidong/Dropbox/iHeartMedia/Selenium/maven-spotify/src/test/java/assets_spotify.sikuli/password_field.png: (332x27) in S(0)[0,0 1280x800] E:Y, T:3.0" type="org.sikuli.script.FindFailed">org.sikuli.script.FindFailed: /Users/yidong/Dropbox/iHeartMedia/Selenium/maven-spotify/src/test/java/assets_spotify.sikuli/password_field.png: (332x27) in S(0)[0,0 1280x800] E:Y, T:3.0
	at com.spotify.CreateNewPlaylistTest.CreateNewPlaylist(CreateNewPlaylistTest.java:42)
</failure>
  </testcase>
  <testcase name="invalidLogin" classname="com.spotify.InvalidLoginTest" time="6.222"/>
  <testcase name="playTrackTest" classname="com.spotify.PlayTrackTest" time="21.635"/>
  <testcase name="searchTest" classname="com.spotify.SearchTest" time="10.836">
    <failure message="/Users/yidong/Dropbox/iHeartMedia/Selenium/maven-spotify/src/test/java/assets_spotify.sikuli/password_field.png: (332x27) seen at (500, 328) with 1.00 in S(0)[0,0 1280x800] E:Y, T:3.0" type="org.sikuli.script.FindFailed">org.sikuli.script.FindFailed: /Users/yidong/Dropbox/iHeartMedia/Selenium/maven-spotify/src/test/java/assets_spotify.sikuli/password_field.png: (332x27) seen at (500, 328) with 1.00 in S(0)[0,0 1280x800] E:Y, T:3.0
	at com.spotify.SearchTest.searchTest(SearchTest.java:50)
</failure>
  </testcase>
  <testcase name="validLogin" classname="com.spotify.ValidLoginTest" time="10.115">
    <failure message="/Users/yidong/Dropbox/iHeartMedia/Selenium/maven-spotify/src/test/java/assets_spotify.sikuli/password_field.png: (332x27) seen at (500, 328) with 1.00 in S(0)[0,0 1280x800] E:Y, T:3.0" type="org.sikuli.script.FindFailed">org.sikuli.script.FindFailed: /Users/yidong/Dropbox/iHeartMedia/Selenium/maven-spotify/src/test/java/assets_spotify.sikuli/password_field.png: (332x27) seen at (500, 328) with 1.00 in S(0)[0,0 1280x800] E:Y, T:3.0
	at com.spotify.ValidLoginTest.validLogin(ValidLoginTest.java:49)
</failure>
  </testcase>
</testsuite>