<?xml version="1.0" encoding="UTF-8"?>
<testng-results skipped="0" failed="3" total="5" passed="2">
  <reporter-output>
  </reporter-output>
  <suite name="com.spotify" duration-ms="74560" started-at="2018-08-05T00:44:07Z" finished-at="2018-08-05T00:45:22Z">
    <groups>
    </groups>
    <test name="CreateNewPlaylistTest" duration-ms="17801" started-at="2018-08-05T00:44:07Z" finished-at="2018-08-05T00:44:25Z">
      <class name="com.spotify.CreateNewPlaylistTest">
        <test-method status="PASS" signature="setup()[pri:0, instance:com.spotify.CreateNewPlaylistTest@66d2e7d9]" name="setup" is-config="true" duration-ms="27" started-at="2018-08-04T20:44:07Z" finished-at="2018-08-04T20:44:07Z">
          <reporter-output>
          </reporter-output>
        </test-method> <!-- setup -->
        <test-method status="PASS" signature="CreateNewPlaylist()[pri:0, instance:com.spotify.CreateNewPlaylistTest@66d2e7d9]" name="CreateNewPlaylist" duration-ms="17695" started-at="2018-08-04T20:44:07Z" finished-at="2018-08-04T20:44:25Z">
          <reporter-output>
          </reporter-output>
        </test-method> <!-- CreateNewPlaylist -->
        <test-method status="PASS" signature="tearDown()[pri:0, instance:com.spotify.CreateNewPlaylistTest@66d2e7d9]" name="tearDown" is-config="true" duration-ms="11" started-at="2018-08-04T20:44:25Z" finished-at="2018-08-04T20:44:25Z">
          <reporter-output>
          </reporter-output>
        </test-method> <!-- tearDown -->
      </class> <!-- com.spotify.CreateNewPlaylistTest -->
    </test> <!-- CreateNewPlaylistTest -->
    <test name="InvalidLoginTest" duration-ms="11079" started-at="2018-08-05T00:44:25Z" finished-at="2018-08-05T00:44:36Z">
      <class name="com.spotify.InvalidLoginTest">
        <test-method status="PASS" signature="setup()[pri:0, instance:com.spotify.InvalidLoginTest@66480dd7]" name="setup" is-config="true" duration-ms="16" started-at="2018-08-04T20:44:25Z" finished-at="2018-08-04T20:44:25Z">
          <reporter-output>
          </reporter-output>
        </test-method> <!-- setup -->
        <test-method status="FAIL" signature="invalidLogin()[pri:0, instance:com.spotify.InvalidLoginTest@66480dd7]" name="invalidLogin" duration-ms="11015" started-at="2018-08-04T20:44:25Z" finished-at="2018-08-04T20:44:36Z">
          <exception class="org.sikuli.script.FindFailed">
            <message>
              <![CDATA[/Users/yidong/Dropbox/iHeartMedia/Selenium/maven-spotify/src/test/java/assets_spotify.sikuli/password_field.png: (332x27) seen at (500, 328) with 1.00 in S(0)[0,0 1280x800] E:Y, T:3.0]]>
            </message>
            <full-stacktrace>
              <![CDATA[FindFailed: /Users/yidong/Dropbox/iHeartMedia/Selenium/maven-spotify/src/test/java/assets_spotify.sikuli/password_field.png: (332x27) seen at (500, 328) with 1.00 in S(0)[0,0 1280x800] E:Y, T:3.0
  Line 2782, in file Region.java

	at org.sikuli.script.Region.wait(Region.java:2782)
	at com.spotify.InvalidLoginTest.invalidLogin(InvalidLoginTest.java:48)
	at sun.reflect.NativeMethodAccessorImpl.invoke0(Native Method)
	at sun.reflect.NativeMethodAccessorImpl.invoke(NativeMethodAccessorImpl.java:62)
	at sun.reflect.DelegatingMethodAccessorImpl.invoke(DelegatingMethodAccessorImpl.java:43)
	at java.lang.reflect.Method.invoke(Method.java:483)
	at org.testng.internal.MethodInvocationHelper.invokeMethod(MethodInvocationHelper.java:80)
	at org.testng.internal.Invoker.invokeMethod(Invoker.java:714)
	at org.testng.internal.Invoker.invokeTestMethod(Invoker.java:901)
	at org.testng.internal.Invoker.invokeTestMethods(Invoker.java:1231)
	at org.testng.internal.TestMethodWorker.invokeTestMethods(TestMethodWorker.java:127)
	at org.testng.internal.TestMethodWorker.run(TestMethodWorker.java:111)
	at org.testng.TestRunner.privateRun(TestRunner.java:767)
	at org.testng.TestRunner.run(TestRunner.java:617)
	at org.testng.SuiteRunner.runTest(SuiteRunner.java:334)
	at org.testng.SuiteRunner.runSequentially(SuiteRunner.java:329)
	at org.testng.SuiteRunner.privateRun(SuiteRunner.java:291)
	at org.testng.SuiteRunner.run(SuiteRunner.java:240)
	at org.testng.SuiteRunnerWorker.runSuite(SuiteRunnerWorker.java:52)
	at org.testng.SuiteRunnerWorker.run(SuiteRunnerWorker.java:86)
	at org.testng.TestNG.runSuitesSequentially(TestNG.java:1198)
	at org.testng.TestNG.runSuitesLocally(TestNG.java:1123)
	at org.testng.TestNG.run(TestNG.java:1031)
	at org.testng.remote.AbstractRemoteTestNG.run(AbstractRemoteTestNG.java:114)
	at org.testng.remote.RemoteTestNG.initAndRun(RemoteTestNG.java:251)
	at org.testng.remote.RemoteTestNG.main(RemoteTestNG.java:77)
]]>
            </full-stacktrace>
          </exception> <!-- org.sikuli.script.FindFailed -->
          <reporter-output>
          </reporter-output>
        </test-method> <!-- invalidLogin -->
        <test-method status="PASS" signature="tearDown()[pri:0, instance:com.spotify.InvalidLoginTest@66480dd7]" name="tearDown" is-config="true" duration-ms="26" started-at="2018-08-04T20:44:36Z" finished-at="2018-08-04T20:44:36Z">
          <reporter-output>
          </reporter-output>
        </test-method> <!-- tearDown -->
      </class> <!-- com.spotify.InvalidLoginTest -->
    </test> <!-- InvalidLoginTest -->
    <test name="PlayTrackTest" duration-ms="23365" started-at="2018-08-05T00:44:36Z" finished-at="2018-08-05T00:45:00Z">
      <class name="com.spotify.PlayTrackTest">
        <test-method status="PASS" signature="setup()[pri:0, instance:com.spotify.PlayTrackTest@71423665]" name="setup" is-config="true" duration-ms="12" started-at="2018-08-04T20:44:36Z" finished-at="2018-08-04T20:44:36Z">
          <reporter-output>
          </reporter-output>
        </test-method> <!-- setup -->
        <test-method status="PASS" signature="playTrackTest()[pri:0, instance:com.spotify.PlayTrackTest@71423665]" name="playTrackTest" duration-ms="23318" started-at="2018-08-04T20:44:36Z" finished-at="2018-08-04T20:45:00Z">
          <reporter-output>
          </reporter-output>
        </test-method> <!-- playTrackTest -->
        <test-method status="PASS" signature="tearDown()[pri:0, instance:com.spotify.PlayTrackTest@71423665]" name="tearDown" is-config="true" duration-ms="13" started-at="2018-08-04T20:45:00Z" finished-at="2018-08-04T20:45:00Z">
          <reporter-output>
          </reporter-output>
        </test-method> <!-- tearDown -->
      </class> <!-- com.spotify.PlayTrackTest -->
    </test> <!-- PlayTrackTest -->
    <test name="SearchTest" duration-ms="11406" started-at="2018-08-05T00:45:00Z" finished-at="2018-08-05T00:45:11Z">
      <class name="com.spotify.SearchTest">
        <test-method status="PASS" signature="setup()[pri:0, instance:com.spotify.SearchTest@6d7b4f4c]" name="setup" is-config="true" duration-ms="53" started-at="2018-08-04T20:45:00Z" finished-at="2018-08-04T20:45:00Z">
          <reporter-output>
          </reporter-output>
        </test-method> <!-- setup -->
        <test-method status="FAIL" signature="searchTest()[pri:0, instance:com.spotify.SearchTest@6d7b4f4c]" name="searchTest" duration-ms="11210" started-at="2018-08-04T20:45:00Z" finished-at="2018-08-04T20:45:11Z">
          <exception class="org.sikuli.script.FindFailed">
            <message>
              <![CDATA[/Users/yidong/Dropbox/iHeartMedia/Selenium/maven-spotify/src/test/java/assets_spotify.sikuli/password_field.png: (332x27) seen at (500, 328) with 1.00 in S(0)[0,0 1280x800] E:Y, T:3.0]]>
            </message>
            <full-stacktrace>
              <![CDATA[FindFailed: /Users/yidong/Dropbox/iHeartMedia/Selenium/maven-spotify/src/test/java/assets_spotify.sikuli/password_field.png: (332x27) seen at (500, 328) with 1.00 in S(0)[0,0 1280x800] E:Y, T:3.0
  Line 2782, in file Region.java

	at org.sikuli.script.Region.wait(Region.java:2782)
	at com.spotify.SearchTest.searchTest(SearchTest.java:50)
	at sun.reflect.NativeMethodAccessorImpl.invoke0(Native Method)
	at sun.reflect.NativeMethodAccessorImpl.invoke(NativeMethodAccessorImpl.java:62)
	at sun.reflect.DelegatingMethodAccessorImpl.invoke(DelegatingMethodAccessorImpl.java:43)
	at java.lang.reflect.Method.invoke(Method.java:483)
	at org.testng.internal.MethodInvocationHelper.invokeMethod(MethodInvocationHelper.java:80)
	at org.testng.internal.Invoker.invokeMethod(Invoker.java:714)
	at org.testng.internal.Invoker.invokeTestMethod(Invoker.java:901)
	at org.testng.internal.Invoker.invokeTestMethods(Invoker.java:1231)
	at org.testng.internal.TestMethodWorker.invokeTestMethods(TestMethodWorker.java:127)
	at org.testng.internal.TestMethodWorker.run(TestMethodWorker.java:111)
	at org.testng.TestRunner.privateRun(TestRunner.java:767)
	at org.testng.TestRunner.run(TestRunner.java:617)
	at org.testng.SuiteRunner.runTest(SuiteRunner.java:334)
	at org.testng.SuiteRunner.runSequentially(SuiteRunner.java:329)
	at org.testng.SuiteRunner.privateRun(SuiteRunner.java:291)
	at org.testng.SuiteRunner.run(SuiteRunner.java:240)
	at org.testng.SuiteRunnerWorker.runSuite(SuiteRunnerWorker.java:52)
	at org.testng.SuiteRunnerWorker.run(SuiteRunnerWorker.java:86)
	at org.testng.TestNG.runSuitesSequentially(TestNG.java:1198)
	at org.testng.TestNG.runSuitesLocally(TestNG.java:1123)
	at org.testng.TestNG.run(TestNG.java:1031)
	at org.testng.remote.AbstractRemoteTestNG.run(AbstractRemoteTestNG.java:114)
	at org.testng.remote.RemoteTestNG.initAndRun(RemoteTestNG.java:251)
	at org.testng.remote.RemoteTestNG.main(RemoteTestNG.java:77)
]]>
            </full-stacktrace>
          </exception> <!-- org.sikuli.script.FindFailed -->
          <reporter-output>
          </reporter-output>
        </test-method> <!-- searchTest -->
        <test-method status="PASS" signature="tearDown()[pri:0, instance:com.spotify.SearchTest@6d7b4f4c]" name="tearDown" is-config="true" duration-ms="70" started-at="2018-08-04T20:45:11Z" finished-at="2018-08-04T20:45:11Z">
          <reporter-output>
          </reporter-output>
        </test-method> <!-- tearDown -->
      </class> <!-- com.spotify.SearchTest -->
    </test> <!-- SearchTest -->
    <test name="validLoginTest" duration-ms="10438" started-at="2018-08-05T00:45:11Z" finished-at="2018-08-05T00:45:22Z">
      <class name="com.spotify.ValidLoginTest">
        <test-method status="PASS" signature="setup()[pri:0, instance:com.spotify.ValidLoginTest@6536e911]" name="setup" is-config="true" duration-ms="9" started-at="2018-08-04T20:45:11Z" finished-at="2018-08-04T20:45:11Z">
          <reporter-output>
          </reporter-output>
        </test-method> <!-- setup -->
        <test-method status="FAIL" signature="validLogin()[pri:0, instance:com.spotify.ValidLoginTest@6536e911]" name="validLogin" duration-ms="10402" started-at="2018-08-04T20:45:11Z" finished-at="2018-08-04T20:45:22Z">
          <exception class="org.sikuli.script.FindFailed">
            <message>
              <![CDATA[/Users/yidong/Dropbox/iHeartMedia/Selenium/maven-spotify/src/test/java/assets_spotify.sikuli/password_field.png: (332x27) seen at (500, 328) with 1.00 in S(0)[0,0 1280x800] E:Y, T:3.0]]>
            </message>
            <full-stacktrace>
              <![CDATA[FindFailed: /Users/yidong/Dropbox/iHeartMedia/Selenium/maven-spotify/src/test/java/assets_spotify.sikuli/password_field.png: (332x27) seen at (500, 328) with 1.00 in S(0)[0,0 1280x800] E:Y, T:3.0
  Line 2782, in file Region.java

	at org.sikuli.script.Region.wait(Region.java:2782)
	at com.spotify.ValidLoginTest.validLogin(ValidLoginTest.java:49)
	at sun.reflect.NativeMethodAccessorImpl.invoke0(Native Method)
	at sun.reflect.NativeMethodAccessorImpl.invoke(NativeMethodAccessorImpl.java:62)
	at sun.reflect.DelegatingMethodAccessorImpl.invoke(DelegatingMethodAccessorImpl.java:43)
	at java.lang.reflect.Method.invoke(Method.java:483)
	at org.testng.internal.MethodInvocationHelper.invokeMethod(MethodInvocationHelper.java:80)
	at org.testng.internal.Invoker.invokeMethod(Invoker.java:714)
	at org.testng.internal.Invoker.invokeTestMethod(Invoker.java:901)
	at org.testng.internal.Invoker.invokeTestMethods(Invoker.java:1231)
	at org.testng.internal.TestMethodWorker.invokeTestMethods(TestMethodWorker.java:127)
	at org.testng.internal.TestMethodWorker.run(TestMethodWorker.java:111)
	at org.testng.TestRunner.privateRun(TestRunner.java:767)
	at org.testng.TestRunner.run(TestRunner.java:617)
	at org.testng.SuiteRunner.runTest(SuiteRunner.java:334)
	at org.testng.SuiteRunner.runSequentially(SuiteRunner.java:329)
	at org.testng.SuiteRunner.privateRun(SuiteRunner.java:291)
	at org.testng.SuiteRunner.run(SuiteRunner.java:240)
	at org.testng.SuiteRunnerWorker.runSuite(SuiteRunnerWorker.java:52)
	at org.testng.SuiteRunnerWorker.run(SuiteRunnerWorker.java:86)
	at org.testng.TestNG.runSuitesSequentially(TestNG.java:1198)
	at org.testng.TestNG.runSuitesLocally(TestNG.java:1123)
	at org.testng.TestNG.run(TestNG.java:1031)
	at org.testng.remote.AbstractRemoteTestNG.run(AbstractRemoteTestNG.java:114)
	at org.testng.remote.RemoteTestNG.initAndRun(RemoteTestNG.java:251)
	at org.testng.remote.RemoteTestNG.main(RemoteTestNG.java:77)
]]>
            </full-stacktrace>
          </exception> <!-- org.sikuli.script.FindFailed -->
          <reporter-output>
          </reporter-output>
        </test-method> <!-- validLogin -->
        <test-method status="PASS" signature="tearDown()[pri:0, instance:com.spotify.ValidLoginTest@6536e911]" name="tearDown" is-config="true" duration-ms="10" started-at="2018-08-04T20:45:22Z" finished-at="2018-08-04T20:45:22Z">
          <reporter-output>
          </reporter-output>
        </test-method> <!-- tearDown -->
      </class> <!-- com.spotify.ValidLoginTest -->
    </test> <!-- validLoginTest -->
  </suite> <!-- com.spotify -->
</testng-results>
